[2018-01-22 09:49:40.623] [exthost1] [info] extension host started
[2018-01-22 09:49:40.710] [exthost1] [info] ExtensionService#_doActivateExtension vscode.emmet {"startup":true,"activationEvent":"*"}
[2018-01-22 09:49:40.710] [exthost1] [info] ExtensionService#loadCommonJSModule /usr/share/code/resources/app/extensions/emmet/out/extension
[2018-01-22 09:49:42.069] [exthost1] [info] ExtensionService#_doActivateExtension vscode.git {"startup":true,"activationEvent":"*"}
[2018-01-22 09:49:42.069] [exthost1] [info] ExtensionService#loadCommonJSModule /usr/share/code/resources/app/extensions/git/out/main
[2018-01-22 09:49:42.965] [exthost1] [info] ExtensionService#_doActivateExtension vscode.merge-conflict {"startup":true,"activationEvent":"*"}
[2018-01-22 09:49:42.965] [exthost1] [info] ExtensionService#loadCommonJSModule /usr/share/code/resources/app/extensions/merge-conflict/out/extension
[2018-01-22 09:49:43.040] [exthost1] [info] ExtensionService#_doActivateExtension HookyQR.beautify {"startup":true,"activationEvent":"*"}
[2018-01-22 09:49:43.040] [exthost1] [info] ExtensionService#loadCommonJSModule /home/bangadam/.vscode/extensions/HookyQR.beautify-1.1.1/extension
[2018-01-22 09:49:43.647] [exthost1] [info] ExtensionService#_doActivateExtension PKief.material-icon-theme {"startup":true,"activationEvent":"*"}
[2018-01-22 09:49:43.647] [exthost1] [info] ExtensionService#loadCommonJSModule /home/bangadam/.vscode/extensions/PKief.material-icon-theme-3.2.1/out/src/extension
[2018-01-22 09:49:44.342] [exthost1] [info] ExtensionService#_doActivateExtension dbaeumer.vscode-eslint {"startup":true,"activationEvent":"*"}
[2018-01-22 09:49:44.342] [exthost1] [info] ExtensionService#loadCommonJSModule /home/bangadam/.vscode/extensions/dbaeumer.vscode-eslint-1.4.4/client/out/extension
[2018-01-22 09:49:44.845] [exthost1] [info] ExtensionService#_doActivateExtension formulahendry.auto-close-tag {"startup":true,"activationEvent":"*"}
[2018-01-22 09:49:44.845] [exthost1] [info] ExtensionService#loadCommonJSModule /home/bangadam/.vscode/extensions/formulahendry.auto-close-tag-0.5.5/out/src/extension
[2018-01-22 09:49:44.890] [exthost1] [info] ExtensionService#_doActivateExtension ms-vscode.sublime-keybindings {"startup":true,"activationEvent":"*"}
[2018-01-22 09:49:44.890] [exthost1] [info] ExtensionService#loadCommonJSModule /home/bangadam/.vscode/extensions/ms-vscode.sublime-keybindings-3.0.3/extension
[2018-01-22 09:49:44.907] [exthost1] [info] ExtensionService#_doActivateExtension ms-vscode.node-debug2 {"startup":true,"activationEvent":"*"}
[2018-01-22 09:49:44.907] [exthost1] [info] ExtensionService#loadCommonJSModule /home/bangadam/.vscode/extensions/ms-vscode.node-debug2-1.20.0/out/src/extension
[2018-01-22 09:49:45.372] [exthost1] [info] ExtensionService#_doActivateExtension vsmobile.vscode-react-native {"startup":true,"activationEvent":"*"}
[2018-01-22 09:49:45.372] [exthost1] [info] ExtensionService#loadCommonJSModule /home/bangadam/.vscode/extensions/vsmobile.vscode-react-native-0.5.7/src/extension/rn-extension
[2018-01-22 09:49:49.149] [exthost1] [info] ExtensionService#_doActivateExtension felixfbecker.php-intellisense {"startup":true,"activationEvent":"workspaceContains:**/*.php"}
[2018-01-22 09:49:49.149] [exthost1] [info] ExtensionService#loadCommonJSModule /home/bangadam/.vscode/extensions/felixfbecker.php-intellisense-2.2.5/out/extension
[2018-01-22 09:49:50.108] [exthost1] [info] eager extensions activated
[2018-01-22 09:49:51.112] [exthost1] [info] ExtensionService#_doActivateExtension vscode.configuration-editing {"startup":false,"activationEvent":"onLanguage:jsonc"}
[2018-01-22 09:49:51.112] [exthost1] [info] ExtensionService#loadCommonJSModule /usr/share/code/resources/app/extensions/configuration-editing/out/extension
[2018-01-22 09:49:51.280] [exthost1] [info] ExtensionService#_doActivateExtension vscode.json {"startup":false,"activationEvent":"onLanguage:jsonc"}
[2018-01-22 09:49:51.280] [exthost1] [info] ExtensionService#loadCommonJSModule /usr/share/code/resources/app/extensions/json/client/out/jsonMain
[2018-01-22 09:51:08.951] [exthost1] [info] ExtensionService#_doActivateExtension onecentlin.laravel-blade {"startup":false,"activationEvent":"onLanguage:blade"}
[2018-01-22 09:51:08.951] [exthost1] [info] ExtensionService#loadCommonJSModule /home/bangadam/.vscode/extensions/onecentlin.laravel-blade-1.13.0/out/src/extension
[2018-01-22 09:53:14.580] [exthost1] [info] ExtensionService#_doActivateExtension vscode.php {"startup":false,"activationEvent":"onLanguage:php"}
[2018-01-22 09:53:14.580] [exthost1] [info] ExtensionService#loadCommonJSModule /usr/share/code/resources/app/extensions/php/out/phpMain
[2018-01-22 09:53:14.791] [exthost1] [info] ExtensionService#_doActivateExtension ikappas.phpcs {"startup":false,"activationEvent":"onLanguage:php"}
[2018-01-22 09:53:14.791] [exthost1] [info] ExtensionService#loadCommonJSModule /home/bangadam/.vscode/extensions/ikappas.phpcs-0.7.0/out/src/extension
